e:\我的学校的一些资料\课题设计\graduateprogram\graduateprogram\debug\vc141.pdb
e:\我的学校的一些资料\课题设计\graduateprogram\graduateprogram\debug\vc141.idb
e:\我的学校的一些资料\课题设计\graduateprogram\graduateprogram\debug\taskassignment.obj
e:\我的学校的一些资料\课题设计\graduateprogram\graduateprogram\debug\resourceadapter.obj
e:\我的学校的一些资料\课题设计\graduateprogram\graduateprogram\debug\logsystem.obj
e:\我的学校的一些资料\课题设计\graduateprogram\graduateprogram\debug\linuxresourceadapter.obj
e:\我的学校的一些资料\课题设计\graduateprogram\graduateprogram\debug\iservices.obj
e:\我的学校的一些资料\课题设计\graduateprogram\graduateprogram\debug\graduateprogram.pdb
e:\我的学校的一些资料\课题设计\graduateprogram\graduateprogram\debug\graduateprogram.idb
e:\我的学校的一些资料\课题设计\graduateprogram\graduateprogram\debug\zkadapter.obj
e:\我的学校的一些资料\课题设计\graduateprogram\graduateprogram\debug\windowsresourceadapter.obj
e:\我的学校的一些资料\课题设计\graduateprogram\graduateprogram\debug\resourcemanager.obj
e:\我的学校的一些资料\课题设计\graduateprogram\graduateprogram\debug\node.obj
e:\我的学校的一些资料\课题设计\graduateprogram\graduateprogram\debug\socketinternal.obj
e:\我的学校的一些资料\课题设计\graduateprogram\graduateprogram\debug\main.obj
e:\我的学校的一些资料\课题设计\graduateprogram\graduateprogram\debug\leaderelectionzk.obj
e:\我的学校的一些资料\课题设计\graduateprogram\graduateprogram\debug\leaderelection.obj
e:\我的学校的一些资料\课题设计\graduateprogram\graduateprogram\debug\graduateprogram.obj
e:\我的学校的一些资料\课题设计\graduateprogram\debug\graduateprogram.lib
e:\我的学校的一些资料\课题设计\graduateprogram\debug\graduateprogram.pdb
e:\我的学校的一些资料\课题设计\graduateprogram\graduateprogram\debug\graduateprogram.tlog\cl.command.1.tlog
e:\我的学校的一些资料\课题设计\graduateprogram\graduateprogram\debug\graduateprogram.tlog\cl.read.1.tlog
e:\我的学校的一些资料\课题设计\graduateprogram\graduateprogram\debug\graduateprogram.tlog\cl.write.1.tlog
e:\我的学校的一些资料\课题设计\graduateprogram\graduateprogram\debug\graduateprogram.tlog\lib-link.read.1.tlog
e:\我的学校的一些资料\课题设计\graduateprogram\graduateprogram\debug\graduateprogram.tlog\lib-link.write.1.tlog
e:\我的学校的一些资料\课题设计\graduateprogram\graduateprogram\debug\graduateprogram.tlog\lib.command.1.tlog
e:\我的学校的一些资料\课题设计\graduateprogram\graduateprogram\debug\graduateprogram.tlog\link.command.1.tlog
e:\我的学校的一些资料\课题设计\graduateprogram\graduateprogram\debug\graduateprogram.tlog\link.read.1.tlog
e:\我的学校的一些资料\课题设计\graduateprogram\graduateprogram\debug\graduateprogram.tlog\link.write.1.tlog
